INFO: [VRFC 10-2263] Analyzing Verilog file "C:/Project/FPGA_project/Chapter_2/Chapter_2.srcs/sources_1/new/greater_2bit.v" into library xil_defaultlib
INFO: [VRFC 10-311] analyzing module greater_2bit
INFO: [VRFC 10-2263] Analyzing Verilog file "C:/Project/FPGA_project/Chapter_2/Chapter_2.srcs/sources_1/new/comparator_2bit.v" into library xil_defaultlib
INFO: [VRFC 10-311] analyzing module comparator_2bit
INFO: [VRFC 10-2263] Analyzing Verilog file "C:/Project/FPGA_project/Chapter_2/Chapter_2.srcs/sources_1/new/top_module.v" into library xil_defaultlib
INFO: [VRFC 10-311] analyzing module top_module
INFO: [VRFC 10-2263] Analyzing Verilog file "C:/Project/FPGA_project/Chapter_2/Chapter_2.srcs/sources_1/new/binary_decoder_3_8.v" into library xil_defaultlib
INFO: [VRFC 10-311] analyzing module binary_decoder_3_8
INFO: [VRFC 10-2263] Analyzing Verilog file "C:/Project/FPGA_project/Chapter_2/Chapter_2.srcs/sources_1/new/binary_decoder_2_4.v" into library xil_defaultlib
INFO: [VRFC 10-311] analyzing module binary_decoder_2_4
INFO: [VRFC 10-2263] Analyzing Verilog file "C:/Project/FPGA_project/Chapter_2/Chapter_2.srcs/sim_1/new/greater_2bit_tb.v" into library xil_defaultlib
INFO: [VRFC 10-311] analyzing module greater_2bit_tb
INFO: [VRFC 10-2263] Analyzing Verilog file "C:/Project/FPGA_project/Chapter_2/Chapter_2.srcs/sim_1/new/comparator_2bit_tb.v" into library xil_defaultlib
INFO: [VRFC 10-311] analyzing module comparator_2bit_tb
INFO: [VRFC 10-2263] Analyzing Verilog file "C:/Project/FPGA_project/Chapter_2/Chapter_2.srcs/sim_1/new/top_module_tb.v" into library xil_defaultlib
INFO: [VRFC 10-311] analyzing module top_module_tb
INFO: [VRFC 10-2263] Analyzing Verilog file "C:/Project/FPGA_project/Chapter_2/Chapter_2.srcs/sim_1/new/binary_decoder_3_8_tb.v" into library xil_defaultlib
INFO: [VRFC 10-311] analyzing module binary_decoder_3_8_tb
INFO: [VRFC 10-2263] Analyzing Verilog file "C:/Project/FPGA_project/Chapter_2/Chapter_2.srcs/sim_1/new/binary_decoder_2_4_tb.v" into library xil_defaultlib
INFO: [VRFC 10-311] analyzing module binary_decoder_2_4_tb
